# JRE version: OpenJDK Runtime Environment (11.0.8+10) (build 11.0.8+10-b944.6842174)
# Java VM: OpenJDK 64-Bit Server VM (11.0.8+10-b944.6842174, mixed mode, tiered, compressed oops, g1 gc, windows-amd64)
Heap:
 garbage-first heap   total 260096K, used 98227K [0x0000000080000000, 0x0000000100000000)
  region size 1024K, 49 young (50176K), 9 survivors (9216K)
 Metaspace       used 70028K, capacity 71607K, committed 71936K, reserved 1112064K
  class space    used 9086K, capacity 9641K, committed 9728K, reserved 1048576K
GC Heap History (16 events):
Event: 0.411 GC heap before
{Heap before GC invocations=0 (full 0):
 garbage-first heap   total 260096K, used 29696K [0x0000000080000000, 0x0000000100000000)
  region size 1024K, 24 young (24576K), 0 survivors (0K)
 Metaspace       used 10397K, capacity 10640K, committed 11008K, reserved 1058816K
  class space    used 1098K, capacity 1164K, committed 1280K, reserved 1048576K
}
Event: 0.413 GC heap after
{Heap after GC invocations=1 (full 0):
 garbage-first heap   total 260096K, used 8419K [0x0000000080000000, 0x0000000100000000)
  region size 1024K, 3 young (3072K), 3 survivors (3072K)
 Metaspace       used 10397K, capacity 10640K, committed 11008K, reserved 1058816K
  class space    used 1098K, capacity 1164K, committed 1280K, reserved 1048576K
}
Event: 1.178 GC heap before
{Heap before GC invocations=1 (full 0):
 garbage-first heap   total 260096K, used 92387K [0x0000000080000000, 0x0000000100000000)
  region size 1024K, 87 young (89088K), 3 survivors (3072K)
 Metaspace       used 20677K, capacity 21105K, committed 21248K, reserved 1067008K
  class space    used 2544K, capacity 2710K, committed 2816K, reserved 1048576K
}
Event: 1.184 GC heap after
{Heap after GC invocations=2 (full 0):
 garbage-first heap   total 260096K, used 15703K [0x0000000080000000, 0x0000000100000000)
  region size 1024K, 11 young (11264K), 11 survivors (11264K)
 Metaspace       used 20677K, capacity 21105K, committed 21248K, reserved 1067008K
  class space    used 2544K, capacity 2710K, committed 2816K, reserved 1048576K
}
Event: 1.486 GC heap before
{Heap before GC invocations=3 (full 0):
 garbage-first heap   total 260096K, used 62807K [0x0000000080000000, 0x0000000100000000)
  region size 1024K, 57 young (58368K), 11 survivors (11264K)
 Metaspace       used 26068K, capacity 26671K, committed 26752K, reserved 1073152K
  class space    used 3409K, capacity 3632K, committed 3712K, reserved 1048576K
}
Event: 1.490 GC heap after
{Heap after GC invocations=4 (full 0):
 garbage-first heap   total 260096K, used 17761K [0x0000000080000000, 0x0000000100000000)
  region size 1024K, 3 young (3072K), 3 survivors (3072K)
 Metaspace       used 26068K, capacity 26671K, committed 26752K, reserved 1073152K
  class space    used 3409K, capacity 3632K, committed 3712K, reserved 1048576K
}
Event: 1.879 GC heap before
{Heap before GC invocations=4 (full 0):
 garbage-first heap   total 260096K, used 68961K [0x0000000080000000, 0x0000000100000000)
  region size 1024K, 54 young (55296K), 3 survivors (3072K)
 Metaspace       used 35071K, capacity 35769K, committed 35840K, reserved 1081344K
  class space    used 4567K, capacity 4856K, committed 4864K, reserved 1048576K
}
Event: 1.884 GC heap after
{Heap after GC invocations=5 (full 0):
 garbage-first heap   total 260096K, used 20865K [0x0000000080000000, 0x0000000100000000)
  region size 1024K, 6 young (6144K), 6 survivors (6144K)
 Metaspace       used 35071K, capacity 35769K, committed 35840K, reserved 1081344K
  class space    used 4567K, capacity 4856K, committed 4864K, reserved 1048576K
}
Event: 2.601 GC heap before
{Heap before GC invocations=6 (full 0):
 garbage-first heap   total 260096K, used 134529K [0x0000000080000000, 0x0000000100000000)
  region size 1024K, 114 young (116736K), 6 survivors (6144K)
 Metaspace       used 44326K, capacity 45416K, committed 45568K, reserved 1089536K
  class space    used 5707K, capacity 6100K, committed 6144K, reserved 1048576K
}
Event: 2.607 GC heap after
{Heap after GC invocations=7 (full 0):
 garbage-first heap   total 260096K, used 28443K [0x0000000080000000, 0x0000000100000000)
  region size 1024K, 13 young (13312K), 13 survivors (13312K)
 Metaspace       used 44326K, capacity 45416K, committed 45568K, reserved 1089536K
  class space    used 5707K, capacity 6100K, committed 6144K, reserved 1048576K
}
Event: 3.385 GC heap before
{Heap before GC invocations=7 (full 0):
 garbage-first heap   total 260096K, used 176923K [0x0000000080000000, 0x0000000100000000)
  region size 1024K, 152 young (155648K), 13 survivors (13312K)
 Metaspace       used 56527K, capacity 58051K, committed 58240K, reserved 1099776K
  class space    used 7222K, capacity 7754K, committed 7808K, reserved 1048576K
}
Event: 3.395 GC heap after
{Heap after GC invocations=8 (full 0):
 garbage-first heap   total 260096K, used 49384K [0x0000000080000000, 0x0000000100000000)
  region size 1024K, 19 young (19456K), 19 survivors (19456K)
 Metaspace       used 56527K, capacity 58051K, committed 58240K, reserved 1099776K
  class space    used 7222K, capacity 7754K, committed 7808K, reserved 1048576K
}
Event: 3.544 GC heap before
{Heap before GC invocations=8 (full 0):
 garbage-first heap   total 260096K, used 69864K [0x0000000080000000, 0x0000000100000000)
  region size 1024K, 40 young (40960K), 19 survivors (19456K)
 Metaspace       used 58651K, capacity 60031K, committed 60160K, reserved 1101824K
  class space    used 7471K, capacity 7998K, committed 8064K, reserved 1048576K
}
Event: 3.556 GC heap after
{Heap after GC invocations=9 (full 0):
 garbage-first heap   total 260096K, used 53950K [0x0000000080000000, 0x0000000100000000)
  region size 1024K, 4 young (4096K), 4 survivors (4096K)
 Metaspace       used 58651K, capacity 60031K, committed 60160K, reserved 1101824K
  class space    used 7471K, capacity 7998K, committed 8064K, reserved 1048576K
}
Event: 4.131 GC heap before
{Heap before GC invocations=10 (full 0):
 garbage-first heap   total 260096K, used 143038K [0x0000000080000000, 0x0000000100000000)
  region size 1024K, 91 young (93184K), 4 survivors (4096K)
 Metaspace       used 67234K, capacity 68787K, committed 68992K, reserved 1110016K
  class space    used 8713K, capacity 9269K, committed 9344K, reserved 1048576K
}
Event: 4.136 GC heap after
{Heap after GC invocations=11 (full 0):
 garbage-first heap   total 260096K, used 58291K [0x0000000080000000, 0x0000000100000000)
  region size 1024K, 9 young (9216K), 9 survivors (9216K)
 Metaspace       used 67234K, capacity 68787K, committed 68992K, reserved 1110016K
  class space    used 8713K, capacity 9269K, committed 9344K, reserved 1048576K
}

